2021-01-15 12:00:59.771 INFO  o.s.b.d.env.DevToolsPropertyDefaultsPostProcessor :225  [32m        [0;39m Devtools property defaults active! Set 'spring.devtools.add-properties' to 'false' to disable
2021-01-15 12:00:59.932 INFO  o.s.c.s.PostProcessorRegistrationDelegate$BeanPostProcessorChecker:330  [32m        [0;39m Bean 'org.springframework.cloud.autoconfigure.ConfigurationPropertiesRebinderAutoConfiguration' of type [org.springframework.cloud.autoconfigure.ConfigurationPropertiesRebinderAutoConfiguration] is not eligible for getting processed by all BeanPostProcessors (for example: not eligible for auto-proxying)
2021-01-15 12:01:00.050 INFO  com.course.system.SystemApplication               :651  [32m        [0;39m No active profile set, falling back to default profiles: default
2021-01-15 12:01:00.704 INFO  o.springframework.cloud.context.scope.GenericScope:295  [32m        [0;39m BeanFactory id=4db61dd9-de1e-30ac-8af7-84b316e7d357
2021-01-15 12:01:00.788 INFO  o.s.c.s.PostProcessorRegistrationDelegate$BeanPostProcessorChecker:330  [32m        [0;39m Bean 'org.springframework.transaction.annotation.ProxyTransactionManagementConfiguration' of type [org.springframework.transaction.annotation.ProxyTransactionManagementConfiguration] is not eligible for getting processed by all BeanPostProcessors (for example: not eligible for auto-proxying)
2021-01-15 12:01:00.812 INFO  o.s.c.s.PostProcessorRegistrationDelegate$BeanPostProcessorChecker:330  [32m        [0;39m Bean 'org.springframework.cloud.autoconfigure.ConfigurationPropertiesRebinderAutoConfiguration' of type [org.springframework.cloud.autoconfigure.ConfigurationPropertiesRebinderAutoConfiguration] is not eligible for getting processed by all BeanPostProcessors (for example: not eligible for auto-proxying)
2021-01-15 12:01:01.140 INFO  o.s.boot.web.embedded.tomcat.TomcatWebServer      :92   [32m        [0;39m Tomcat initialized with port(s): 9001 (http)
2021-01-15 12:01:01.146 INFO  org.apache.coyote.http11.Http11NioProtocol        :173  [32m        [0;39m Initializing ProtocolHandler ["http-nio-9001"]
2021-01-15 12:01:01.146 INFO  org.apache.catalina.core.StandardService          :173  [32m        [0;39m Starting service [Tomcat]
2021-01-15 12:01:01.147 INFO  org.apache.catalina.core.StandardEngine           :173  [32m        [0;39m Starting Servlet engine: [Apache Tomcat/9.0.29]
2021-01-15 12:01:01.219 INFO  o.a.c.c.C.[Tomcat].[localhost].[/system]          :173  [32m        [0;39m Initializing Spring embedded WebApplicationContext
2021-01-15 12:01:01.219 INFO  org.springframework.web.context.ContextLoader     :284  [32m        [0;39m Root WebApplicationContext: initialization completed in 1154 ms
2021-01-15 12:01:01.453 WARN  com.netflix.config.sources.URLConfigurationSource :121  [32m        [0;39m No URLs will be polled as dynamic configuration sources.
2021-01-15 12:01:01.453 INFO  com.netflix.config.sources.URLConfigurationSource :122  [32m        [0;39m To enable URLs as dynamic configuration sources, define System property archaius.configurationSource.additionalUrls or make config.properties available on classpath.
2021-01-15 12:01:01.455 WARN  com.netflix.config.sources.URLConfigurationSource :121  [32m        [0;39m No URLs will be polled as dynamic configuration sources.
2021-01-15 12:01:01.456 INFO  com.netflix.config.sources.URLConfigurationSource :122  [32m        [0;39m To enable URLs as dynamic configuration sources, define System property archaius.configurationSource.additionalUrls or make config.properties available on classpath.
2021-01-15 12:01:01.551 INFO  o.s.scheduling.concurrent.ThreadPoolTaskExecutor  :171  [32m        [0;39m Initializing ExecutorService 'applicationTaskExecutor'
2021-01-15 12:01:01.765 WARN  o.s.b.d.autoconfigure.OptionalLiveReloadServer    :61   [32m        [0;39m Unable to start LiveReload server
2021-01-15 12:01:01.834 WARN  o.s.c.l.c.BlockingLoadBalancerClientAutoConfiguration$BlockingLoadBalancerClientRibbonWarnLogger:106  [32m        [0;39m You already have RibbonLoadBalancerClient on your classpath. It will be used by default. As Spring Cloud Ribbon is in maintenance mode. We recommend switching to BlockingLoadBalancerClient instead. In order to use it, set the value of `spring.cloud.loadbalancer.ribbon.enabled` to `false` or remove spring-cloud-starter-netflix-ribbon from your project.
2021-01-15 12:01:01.855 WARN  o.s.c.l.c.LoadBalancerCacheAutoConfiguration$LoadBalancerCaffeineWarnLogger:81   [32m        [0;39m Spring Cloud LoadBalancer is currently working with default default cache. You can switch to using Caffeine cache, by adding it to the classpath.
2021-01-15 12:01:01.904 INFO  o.s.cloud.netflix.eureka.InstanceInfoFactory      :72   [32m        [0;39m Setting initial instance status as: STARTING
2021-01-15 12:01:01.922 INFO  com.netflix.discovery.DiscoveryClient             :365  [32m        [0;39m Initializing Eureka in region us-east-1
2021-01-15 12:01:02.035 INFO  c.n.discovery.provider.DiscoveryJerseyProvider    :70   [32m        [0;39m Using JSON encoding codec LegacyJacksonJson
2021-01-15 12:01:02.036 INFO  c.n.discovery.provider.DiscoveryJerseyProvider    :71   [32m        [0;39m Using JSON decoding codec LegacyJacksonJson
2021-01-15 12:01:02.097 INFO  c.n.discovery.provider.DiscoveryJerseyProvider    :80   [32m        [0;39m Using XML encoding codec XStreamXml
2021-01-15 12:01:02.097 INFO  c.n.discovery.provider.DiscoveryJerseyProvider    :81   [32m        [0;39m Using XML decoding codec XStreamXml
2021-01-15 12:01:02.171 INFO  c.n.d.shared.resolver.aws.ConfigClusterResolver   :43   [32m        [0;39m Resolving eureka endpoints via configuration
2021-01-15 12:01:02.179 INFO  com.netflix.discovery.DiscoveryClient             :976  [32m        [0;39m Disable delta property : false
2021-01-15 12:01:02.179 INFO  com.netflix.discovery.DiscoveryClient             :977  [32m        [0;39m Single vip registry refresh property : null
2021-01-15 12:01:02.179 INFO  com.netflix.discovery.DiscoveryClient             :978  [32m        [0;39m Force full registry fetch : false
2021-01-15 12:01:02.179 INFO  com.netflix.discovery.DiscoveryClient             :979  [32m        [0;39m Application is null : false
2021-01-15 12:01:02.179 INFO  com.netflix.discovery.DiscoveryClient             :980  [32m        [0;39m Registered Applications size is zero : true
2021-01-15 12:01:02.179 INFO  com.netflix.discovery.DiscoveryClient             :982  [32m        [0;39m Application version is -1: true
2021-01-15 12:01:02.179 INFO  com.netflix.discovery.DiscoveryClient             :1065 [32m        [0;39m Getting all instance registry info from the eureka server
2021-01-15 12:01:02.263 INFO  com.netflix.discovery.DiscoveryClient             :1074 [32m        [0;39m The response status is 200
2021-01-15 12:01:02.265 INFO  com.netflix.discovery.DiscoveryClient             :1288 [32m        [0;39m Starting heartbeat executor: renew interval is: 30
2021-01-15 12:01:02.267 INFO  com.netflix.discovery.InstanceInfoReplicator      :60   [32m        [0;39m InstanceInfoReplicator onDemand update allowed rate per min is 4
2021-01-15 12:01:02.270 INFO  com.netflix.discovery.DiscoveryClient             :465  [32m        [0;39m Discovery Client initialized at timestamp 1610730062269 with initial instances count: 2
2021-01-15 12:01:02.272 INFO  o.s.c.n.e.serviceregistry.EurekaServiceRegistry   :41   [32m        [0;39m Registering application SYSTEM with eureka with status UP
2021-01-15 12:01:02.272 INFO  com.netflix.discovery.DiscoveryClient             :1323 [32m        [0;39m Saw local status change event StatusChangeEvent [timestamp=1610730062272, current=UP, previous=STARTING]
2021-01-15 12:01:02.273 INFO  com.netflix.discovery.DiscoveryClient             :844  [32m        [0;39m DiscoveryClient_SYSTEM/192.168.1.11:system:9001: registering service...
2021-01-15 12:01:02.281 INFO  org.apache.coyote.http11.Http11NioProtocol        :173  [32m        [0;39m Starting ProtocolHandler ["http-nio-9001"]
2021-01-15 12:01:02.294 INFO  com.netflix.discovery.DiscoveryClient             :853  [32m        [0;39m DiscoveryClient_SYSTEM/192.168.1.11:system:9001 - registration status: 204
2021-01-15 12:01:02.301 INFO  o.s.boot.web.embedded.tomcat.TomcatWebServer      :204  [32m        [0;39m Tomcat started on port(s): 9001 (http) with context path '/system'
2021-01-15 12:01:02.302 INFO  o.s.c.n.e.s.EurekaAutoServiceRegistration         :145  [32m        [0;39m Updating port to 9001
2021-01-15 12:01:02.306 INFO  com.course.system.SystemApplication               :61   [32m        [0;39m Started SystemApplication in 2.855 seconds (JVM running for 3.525)
2021-01-15 12:01:02.307 INFO  com.course.system.SystemApplication               :24   [32m        [0;39m 启动成功！！
2021-01-15 12:01:02.308 INFO  com.course.system.SystemApplication               :25   [32m        [0;39m System地址: 	http://127.0.0.1:9001
