2021-02-03 11:49:40.291 ERROR com.course.server.config.LogAspect                :70   [32mfVbCzUgl[0;39m æœªè·å–åˆ°ä¸šåŠ¡åç§°
2021-02-03 12:12:02.775 ERROR com.course.server.config.LogAspect                :70   [32mkK1HmBHm[0;39m æœªè·å–åˆ°ä¸šåŠ¡åç§°
2021-02-03 12:12:32.120 ERROR com.course.server.config.LogAspect                :70   [32mJDt6hEco[0;39m æœªè·å–åˆ°ä¸šåŠ¡åç§°
2021-02-03 12:12:38.248 ERROR c.c.business.controller.ControllerExceptionHandler:32   [32mGONGs0i7[0;39m ä¸šåŠ¡å¼‚å¸¸ï¼šæ‰‹æœºå·ä¸å­˜åœ¨æˆ–å¯†ç é”™è¯¯
2021-02-03 12:12:38.263 ERROR com.course.server.config.LogAspect                :70   [32mTiiu0GTG[0;39m æœªè·å–åˆ°ä¸šåŠ¡åç§°
2021-02-03 12:12:59.340 ERROR c.c.business.controller.ControllerExceptionHandler:32   [32mWyrQWnl5[0;39m ä¸šåŠ¡å¼‚å¸¸ï¼šæ‰‹æœºå·ä¸å­˜åœ¨æˆ–å¯†ç é”™è¯¯
2021-02-03 12:12:59.353 ERROR com.course.server.config.LogAspect                :70   [32m1IsLkYir[0;39m æœªè·å–åˆ°ä¸šåŠ¡åç§°
2021-02-03 12:19:00.100 ERROR com.course.server.config.LogAspect                :70   [32muC31R0WT[0;39m æœªè·å–åˆ°ä¸šåŠ¡åç§°
2021-02-03 12:19:04.732 ERROR com.course.server.config.LogAspect                :70   [32m8WwHtxZD[0;39m æœªè·å–åˆ°ä¸šåŠ¡åç§°
2021-02-03 14:07:32.682 ERROR com.course.server.config.LogAspect                :70   [32mOLUhyDq5[0;39m æœªè·å–åˆ°ä¸šåŠ¡åç§°
2021-02-03 14:16:58.875 ERROR com.course.server.config.LogAspect                :70   [32mFLurCYt9[0;39m æœªè·å–åˆ°ä¸šåŠ¡åç§°
2021-02-03 14:17:39.132 ERROR com.course.server.config.LogAspect                :70   [32mepxhmGGi[0;39m æœªè·å–åˆ°ä¸šåŠ¡åç§°
2021-02-03 14:18:45.701 ERROR com.course.server.config.LogAspect                :70   [32mvlZfVwy5[0;39m æœªè·å–åˆ°ä¸šåŠ¡åç§°
2021-02-03 14:23:27.691 ERROR com.course.server.config.LogAspect                :70   [32mkzgDD3Dj[0;39m æœªè·å–åˆ°ä¸šåŠ¡åç§°
2021-02-03 14:35:21.461 ERROR com.course.server.config.LogAspect                :70   [32mUBTaIWCo[0;39m æœªè·å–åˆ°ä¸šåŠ¡åç§°
2021-02-03 14:35:30.215 ERROR c.c.business.controller.ControllerExceptionHandler:32   [32mBMO4Dn9Y[0;39m ä¸šåŠ¡å¼‚å¸¸ï¼šæ‰‹æœºå·ä¸å­˜åœ¨æˆ–å¯†ç é”™è¯¯
2021-02-03 14:35:30.244 ERROR com.course.server.config.LogAspect                :70   [32majWdy5TE[0;39m æœªè·å–åˆ°ä¸šåŠ¡åç§°
2021-02-03 15:38:06.414 ERROR com.course.server.config.LogAspect                :70   [32mAp41DKvY[0;39m æœªè·å–åˆ°ä¸šåŠ¡åç§°
2021-02-03 15:46:48.100 ERROR com.course.server.config.LogAspect                :70   [32mRflpAn2X[0;39m æœªè·å–åˆ°ä¸šåŠ¡åç§°
2021-02-03 15:47:07.017 ERROR c.c.business.controller.ControllerExceptionHandler:32   [32mWkQpHC7E[0;39m ä¸šåŠ¡å¼‚å¸¸ï¼šçŸ­ä¿¡è¯·æ±‚è¿‡äºé¢‘ç¹
2021-02-03 15:48:54.367 ERROR com.course.server.config.LogAspect                :70   [32mb2laIbqL[0;39m æœªè·å–åˆ°ä¸šåŠ¡åç§°
2021-02-03 15:52:53.227 ERROR com.course.server.config.LogAspect                :70   [32mbwX2FXfH[0;39m æœªè·å–åˆ°ä¸šåŠ¡åç§°
2021-02-03 16:57:36.184 ERROR com.course.server.config.LogAspect                :70   [32mb1BhlIRv[0;39m æœªè·å–åˆ°ä¸šåŠ¡åç§°
2021-02-03 17:00:02.595 ERROR com.course.server.config.LogAspect                :70   [32mhSBdCweu[0;39m æœªè·å–åˆ°ä¸šåŠ¡åç§°
2021-02-03 17:02:42.887 ERROR com.course.server.config.LogAspect                :70   [32mTkTgde6h[0;39m æœªè·å–åˆ°ä¸šåŠ¡åç§°
2021-02-03 17:03:12.930 ERROR com.course.server.config.LogAspect                :70   [32mbkiCbkab[0;39m æœªè·å–åˆ°ä¸šåŠ¡åç§°
2021-02-03 17:08:21.574 ERROR com.course.server.config.LogAspect                :70   [32m4dom78SG[0;39m æœªè·å–åˆ°ä¸šåŠ¡åç§°
2021-02-03 17:13:12.943 ERROR com.course.server.config.LogAspect                :70   [32mNOL1LsrO[0;39m æœªè·å–åˆ°ä¸šåŠ¡åç§°
2021-02-03 17:19:02.603 ERROR com.course.server.config.LogAspect                :70   [32m8D5ebSJK[0;39m æœªè·å–åˆ°ä¸šåŠ¡åç§°
2021-02-03 17:25:01.847 ERROR com.course.server.config.LogAspect                :70   [32mmgGaFQ2U[0;39m æœªè·å–åˆ°ä¸šåŠ¡åç§°
2021-02-03 17:38:02.400 ERROR com.course.server.config.LogAspect                :70   [32mcowyywBT[0;39m æœªè·å–åˆ°ä¸šåŠ¡åç§°
2021-02-03 17:39:11.364 ERROR c.c.business.controller.ControllerExceptionHandler:32   [32ma6LC03yX[0;39m ä¸šåŠ¡å¼‚å¸¸ï¼šçŸ­ä¿¡éªŒè¯ç ä¸æ­£ç¡®
2021-02-03 17:39:14.437 ERROR c.c.business.controller.ControllerExceptionHandler:32   [32mnVGMWR5H[0;39m ä¸šåŠ¡å¼‚å¸¸ï¼šçŸ­ä¿¡éªŒè¯ç ä¸æ­£ç¡®
2021-02-03 19:10:02.939 ERROR com.course.server.config.LogAspect                :70   [32m39A2rQGX[0;39m æœªè·å–åˆ°ä¸šåŠ¡åç§°
2021-02-03 19:25:43.857 ERROR com.course.server.config.LogAspect                :70   [32mE0b1V8e0[0;39m æœªè·å–åˆ°ä¸šåŠ¡åç§°
2021-02-03 19:26:37.160 ERROR com.course.server.config.LogAspect                :70   [32m47LV8VG6[0;39m æœªè·å–åˆ°ä¸šåŠ¡åç§°
